# JRE version: OpenJDK Runtime Environment (8.0_242-b01) (build 1.8.0_242-release-1644-b01)
# Java VM: OpenJDK 64-Bit Server VM (25.242-b01 mixed mode windows-amd64 compressed oops)
Heap:
 PSYoungGen      total 618496K, used 103184K [0x00000000d5580000, 0x00000000ff580000, 0x0000000100000000)
  eden space 545792K, 14% used [0x00000000d5580000,0x00000000da3bb2d8,0x00000000f6a80000)
  from space 72704K, 31% used [0x00000000fae00000,0x00000000fc488d70,0x00000000ff500000)
  to   space 69120K, 0% used [0x00000000f6a80000,0x00000000f6a80000,0x00000000fae00000)
 ParOldGen       total 328192K, used 283066K [0x0000000080000000, 0x0000000094080000, 0x00000000d5580000)
  object space 328192K, 86% used [0x0000000080000000,0x000000009146e918,0x0000000094080000)
 Metaspace       used 165895K, capacity 179490K, committed 179776K, reserved 1206272K
  class space    used 21327K, capacity 23794K, committed 23936K, reserved 1048576K
GC Heap History (10 events):
Event: 3243.707 GC heap before
{Heap before GC invocations=53 (full 5):
 PSYoungGen      total 601088K, used 600878K [0x00000000d5580000, 0x0000000100000000, 0x0000000100000000)
  eden space 542208K, 100% used [0x00000000d5580000,0x00000000f6700000,0x00000000f6700000)
  from space 58880K, 99% used [0x00000000f6700000,0x00000000fa04bba8,0x00000000fa080000)
  to   space 83968K, 0% used [0x00000000fae00000,0x00000000fae00000,0x0000000100000000)
 ParOldGen       total 328192K, used 193485K [0x0000000080000000, 0x0000000094080000, 0x00000000d5580000)
  object space 328192K, 58% used [0x0000000080000000,0x000000008bcf3620,0x0000000094080000)
 Metaspace       used 165251K, capacity 178830K, committed 179008K, reserved 1204224K
  class space    used 21327K, capacity 23794K, committed 23936K, reserved 1048576K
Event: 3243.751 GC heap after
Heap after GC invocations=53 (full 5):
 PSYoungGen      total 616448K, used 12773K [0x00000000d5580000, 0x0000000100000000, 0x0000000100000000)
  eden space 532480K, 0% used [0x00000000d5580000,0x00000000d5580000,0x00000000f5d80000)
  from space 83968K, 15% used [0x00000000fae00000,0x00000000fba794f8,0x0000000100000000)
  to   space 82432K, 0% used [0x00000000f5d80000,0x00000000f5d80000,0x00000000fae00000)
 ParOldGen       total 328192K, used 239770K [0x0000000080000000, 0x0000000094080000, 0x00000000d5580000)
  object space 328192K, 73% used [0x0000000080000000,0x000000008ea269b0,0x0000000094080000)
 Metaspace       used 165251K, capacity 178830K, committed 179008K, reserved 1204224K
  class space    used 21327K, capacity 23794K, committed 23936K, reserved 1048576K
}
Event: 3244.390 GC heap before
{Heap before GC invocations=54 (full 5):
 PSYoungGen      total 616448K, used 545253K [0x00000000d5580000, 0x0000000100000000, 0x0000000100000000)
  eden space 532480K, 100% used [0x00000000d5580000,0x00000000f5d80000,0x00000000f5d80000)
  from space 83968K, 15% used [0x00000000fae00000,0x00000000fba794f8,0x0000000100000000)
  to   space 82432K, 0% used [0x00000000f5d80000,0x00000000f5d80000,0x00000000fae00000)
 ParOldGen       total 328192K, used 239770K [0x0000000080000000, 0x0000000094080000, 0x00000000d5580000)
  object space 328192K, 73% used [0x0000000080000000,0x000000008ea269b0,0x0000000094080000)
 Metaspace       used 165361K, capacity 178902K, committed 179264K, reserved 1204224K
  class space    used 21327K, capacity 23794K, committed 23936K, reserved 1048576K
Event: 3244.430 GC heap after
Heap after GC invocations=54 (full 5):
 PSYoungGen      total 544768K, used 12105K [0x00000000d5580000, 0x00000000ffa80000, 0x0000000100000000)
  eden space 532480K, 0% used [0x00000000d5580000,0x00000000d5580000,0x00000000f5d80000)
  from space 12288K, 98% used [0x00000000f5d80000,0x00000000f69527d0,0x00000000f6980000)
  to   space 80384K, 0% used [0x00000000fac00000,0x00000000fac00000,0x00000000ffa80000)
 ParOldGen       total 328192K, used 247029K [0x0000000080000000, 0x0000000094080000, 0x00000000d5580000)
  object space 328192K, 75% used [0x0000000080000000,0x000000008f13d7d0,0x0000000094080000)
 Metaspace       used 165361K, capacity 178902K, committed 179264K, reserved 1204224K
  class space    used 21327K, capacity 23794K, committed 23936K, reserved 1048576K
}
Event: 3245.012 GC heap before
{Heap before GC invocations=55 (full 5):
 PSYoungGen      total 544768K, used 544585K [0x00000000d5580000, 0x00000000ffa80000, 0x0000000100000000)
  eden space 532480K, 100% used [0x00000000d5580000,0x00000000f5d80000,0x00000000f5d80000)
  from space 12288K, 98% used [0x00000000f5d80000,0x00000000f69527d0,0x00000000f6980000)
  to   space 80384K, 0% used [0x00000000fac00000,0x00000000fac00000,0x00000000ffa80000)
 ParOldGen       total 328192K, used 247029K [0x0000000080000000, 0x0000000094080000, 0x00000000d5580000)
  object space 328192K, 75% used [0x0000000080000000,0x000000008f13d7d0,0x0000000094080000)
 Metaspace       used 165628K, capacity 179186K, committed 179520K, reserved 1204224K
  class space    used 21327K, capacity 23794K, committed 23936K, reserved 1048576K
Event: 3245.040 GC heap after
Heap after GC invocations=55 (full 5):
 PSYoungGen      total 616960K, used 23902K [0x00000000d5580000, 0x0000000100000000, 0x0000000100000000)
  eden space 536576K, 0% used [0x00000000d5580000,0x00000000d5580000,0x00000000f6180000)
  from space 80384K, 29% used [0x00000000fac00000,0x00000000fc357ab8,0x00000000ffa80000)
  to   space 76288K, 0% used [0x00000000f6180000,0x00000000f6180000,0x00000000fac00000)
 ParOldGen       total 328192K, used 255416K [0x0000000080000000, 0x0000000094080000, 0x00000000d5580000)
  object space 328192K, 77% used [0x0000000080000000,0x000000008f96e040,0x0000000094080000)
 Metaspace       used 165628K, capacity 179186K, committed 179520K, reserved 1204224K
  class space    used 21327K, capacity 23794K, committed 23936K, reserved 1048576K
}
Event: 3245.429 GC heap before
{Heap before GC invocations=56 (full 5):
 PSYoungGen      total 616960K, used 560478K [0x00000000d5580000, 0x0000000100000000, 0x0000000100000000)
  eden space 536576K, 100% used [0x00000000d5580000,0x00000000f6180000,0x00000000f6180000)
  from space 80384K, 29% used [0x00000000fac00000,0x00000000fc357ab8,0x00000000ffa80000)
  to   space 76288K, 0% used [0x00000000f6180000,0x00000000f6180000,0x00000000fac00000)
 ParOldGen       total 328192K, used 255416K [0x0000000080000000, 0x0000000094080000, 0x00000000d5580000)
  object space 328192K, 77% used [0x0000000080000000,0x000000008f96e040,0x0000000094080000)
 Metaspace       used 165738K, capacity 179338K, committed 179520K, reserved 1204224K
  class space    used 21327K, capacity 23794K, committed 23936K, reserved 1048576K
Event: 3245.455 GC heap after
Heap after GC invocations=56 (full 5):
 PSYoungGen      total 612864K, used 22611K [0x00000000d5580000, 0x00000000ff500000, 0x0000000100000000)
  eden space 536576K, 0% used [0x00000000d5580000,0x00000000d5580000,0x00000000f6180000)
  from space 76288K, 29% used [0x00000000f6180000,0x00000000f7794c60,0x00000000fac00000)
  to   space 72704K, 0% used [0x00000000fae00000,0x00000000fae00000,0x00000000ff500000)
 ParOldGen       total 328192K, used 268765K [0x0000000080000000, 0x0000000094080000, 0x00000000d5580000)
  object space 328192K, 81% used [0x0000000080000000,0x0000000090677518,0x0000000094080000)
 Metaspace       used 165738K, capacity 179338K, committed 179520K, reserved 1204224K
  class space    used 21327K, capacity 23794K, committed 23936K, reserved 1048576K
}
Event: 3245.829 GC heap before
{Heap before GC invocations=57 (full 5):
 PSYoungGen      total 612864K, used 559187K [0x00000000d5580000, 0x00000000ff500000, 0x0000000100000000)
  eden space 536576K, 100% used [0x00000000d5580000,0x00000000f6180000,0x00000000f6180000)
  from space 76288K, 29% used [0x00000000f6180000,0x00000000f7794c60,0x00000000fac00000)
  to   space 72704K, 0% used [0x00000000fae00000,0x00000000fae00000,0x00000000ff500000)
 ParOldGen       total 328192K, used 268765K [0x0000000080000000, 0x0000000094080000, 0x00000000d5580000)
  object space 328192K, 81% used [0x0000000080000000,0x0000000090677518,0x0000000094080000)
 Metaspace       used 165814K, capacity 179414K, committed 179776K, reserved 1206272K
  class space    used 21327K, capacity 23794K, committed 23936K, reserved 1048576K
Event: 3245.861 GC heap after
Heap after GC invocations=57 (full 5):
 PSYoungGen      total 618496K, used 23075K [0x00000000d5580000, 0x00000000ff580000, 0x0000000100000000)
  eden space 545792K, 0% used [0x00000000d5580000,0x00000000d5580000,0x00000000f6a80000)
  from space 72704K, 31% used [0x00000000fae00000,0x00000000fc488d70,0x00000000ff500000)
  to   space 69120K, 0% used [0x00000000f6a80000,0x00000000f6a80000,0x00000000fae00000)
 ParOldGen       total 328192K, used 283066K [0x0000000080000000, 0x0000000094080000, 0x00000000d5580000)
  object space 328192K, 86% used [0x0000000080000000,0x000000009146e918,0x0000000094080000)
 Metaspace       used 165814K, capacity 179414K, committed 179776K, reserved 1206272K
  class space    used 21327K, capacity 23794K, committed 23936K, reserved 1048576K
}

